16:47:47 [INFO] plain_transformer_final: Plain transformer config: max_seq_len=512  truncation=head  use_gate=False
16:47:47 [INFO] plain_transformer_final: Loading FULL corpus (len>=5)...
16:47:47 [INFO] src.preprocessing: Found 8 families: ['Airpush', 'DroidKungFu', 'Fusob', 'Genpua', 'GinMaster', 'Jisut', 'Opfake', 'SmsPay']
16:47:50 [INFO] src.preprocessing:   Airpush: 5880 samples
16:47:51 [INFO] src.preprocessing:   DroidKungFu: 1257 samples
16:47:51 [INFO] src.preprocessing:   Fusob: 166 samples
16:47:52 [INFO] src.preprocessing:   Genpua: 312 samples
16:47:52 [INFO] src.preprocessing:   GinMaster: 523 samples
16:47:54 [INFO] src.preprocessing:   Jisut: 430 samples
16:47:55 [INFO] src.preprocessing:   Opfake: 596 samples
16:47:56 [INFO] src.preprocessing:   SmsPay: 173 samples
16:47:56 [INFO] plain_transformer_final: Loaded 9337 samples across 8 families
16:47:56 [INFO] src.preprocessing: Vocabulary size: 1118 (min_freq=2)
16:47:56 [INFO] plain_transformer_final: Device: mps   vocab_size=1118
16:47:56 [INFO] plain_transformer_final: ============================================================
16:47:56 [INFO] plain_transformer_final: FOLD 1/3   train=6224  test=3113
16:47:56 [INFO] plain_transformer_final: ============================================================
16:49:07 [INFO] plain_transformer_final:   ep=  1 train=1.3409 val=0.7823 acc=0.7893 f1=0.6876
16:53:41 [INFO] plain_transformer_final:   ep=  5 train=0.3362 val=0.3410 acc=0.9052 f1=0.8215
16:59:26 [INFO] plain_transformer_final:   ep= 10 train=0.1823 val=0.3097 acc=0.9252 f1=0.8561
17:05:06 [INFO] plain_transformer_final:   ep= 15 train=0.1085 val=0.3858 acc=0.9252 f1=0.8534
17:10:45 [INFO] plain_transformer_final:   ep= 20 train=0.0708 val=0.4036 acc=0.9293 f1=0.8599
17:16:24 [INFO] plain_transformer_final:   ep= 25 train=0.0788 val=0.5134 acc=0.9252 f1=0.8498
17:19:48 [INFO] plain_transformer_final:   early stop ep=28 best_f1=0.8697 @ ep=8
17:19:48 [INFO] plain_transformer_final: FOLD 1 -> acc=0.9258 f1=0.8697 auc=0.9805 (best ep=8)
17:19:48 [INFO] plain_transformer_final: ============================================================
17:19:48 [INFO] plain_transformer_final: FOLD 2/3   train=6225  test=3112
17:19:48 [INFO] plain_transformer_final: ============================================================
17:20:56 [INFO] plain_transformer_final:   ep=  1 train=1.3278 val=0.8474 acc=0.7513 f1=0.6250
17:25:26 [INFO] plain_transformer_final:   ep=  5 train=0.3452 val=0.3505 acc=0.8969 f1=0.8167
17:31:03 [INFO] plain_transformer_final:   ep= 10 train=0.1942 val=0.2904 acc=0.9293 f1=0.8533
17:36:41 [INFO] plain_transformer_final:   ep= 15 train=0.1297 val=0.2960 acc=0.9319 f1=0.8610
17:42:19 [INFO] plain_transformer_final:   ep= 20 train=0.0897 val=0.3902 acc=0.9213 f1=0.8592
17:47:56 [INFO] plain_transformer_final:   ep= 25 train=0.0697 val=0.3994 acc=0.9377 f1=0.8660
17:53:34 [INFO] plain_transformer_final:   ep= 30 train=0.0568 val=0.4099 acc=0.9338 f1=0.8660
17:59:12 [INFO] plain_transformer_final:   ep= 35 train=0.0595 val=0.4298 acc=0.9434 f1=0.8802
18:04:50 [INFO] plain_transformer_final:   ep= 40 train=0.0340 val=0.4420 acc=0.9438 f1=0.8759
18:10:27 [INFO] plain_transformer_final:   ep= 45 train=0.0269 val=0.4711 acc=0.9415 f1=0.8722
18:16:05 [INFO] plain_transformer_final:   ep= 50 train=0.0355 val=0.5010 acc=0.9451 f1=0.8839
18:18:20 [INFO] plain_transformer_final:   early stop ep=52 best_f1=0.8840 @ ep=32
18:18:20 [INFO] plain_transformer_final: FOLD 2 -> acc=0.9447 f1=0.8840 auc=0.9850 (best ep=32)
18:18:20 [INFO] plain_transformer_final: ============================================================
18:18:20 [INFO] plain_transformer_final: FOLD 3/3   train=6225  test=3112
18:18:20 [INFO] plain_transformer_final: ============================================================
18:19:28 [INFO] plain_transformer_final:   ep=  1 train=1.3585 val=1.0046 acc=0.6693 f1=0.6164
18:23:59 [INFO] plain_transformer_final:   ep=  5 train=0.3696 val=0.3568 acc=0.9046 f1=0.8282
18:29:37 [INFO] plain_transformer_final:   ep= 10 train=0.2175 val=0.3030 acc=0.9245 f1=0.8595
18:35:15 [INFO] plain_transformer_final:   ep= 15 train=0.1201 val=0.3324 acc=0.9293 f1=0.8759
18:40:54 [INFO] plain_transformer_final:   ep= 20 train=0.1058 val=0.3683 acc=0.9332 f1=0.8776
18:46:32 [INFO] plain_transformer_final:   ep= 25 train=0.0862 val=0.4527 acc=0.9245 f1=0.8624
18:52:10 [INFO] plain_transformer_final:   ep= 30 train=0.0597 val=0.4040 acc=0.9348 f1=0.8722
18:57:48 [INFO] plain_transformer_final:   ep= 35 train=0.0458 val=0.4218 acc=0.9354 f1=0.8701
19:03:26 [INFO] plain_transformer_final:   ep= 40 train=0.0422 val=0.4656 acc=0.9380 f1=0.8777
19:09:04 [INFO] plain_transformer_final:   ep= 45 train=0.0449 val=0.5011 acc=0.9370 f1=0.8751
19:14:42 [INFO] plain_transformer_final:   ep= 50 train=0.0383 val=0.5107 acc=0.9399 f1=0.8790
19:20:21 [INFO] plain_transformer_final:   ep= 55 train=0.0239 val=0.5307 acc=0.9386 f1=0.8834
19:21:29 [INFO] plain_transformer_final:   early stop ep=56 best_f1=0.8997 @ ep=36
19:21:29 [INFO] plain_transformer_final: FOLD 3 -> acc=0.9451 f1=0.8997 auc=0.9849 (best ep=36)
19:21:29 [INFO] plain_transformer_final: Wrote /Users/aravjain/PERSONAL/btech-project/results/plain_transformer_final.json
19:21:29 [INFO] plain_transformer_final: Saved plain transformer model (fold 3, ep 36, f1=0.8997) to /Users/aravjain/PERSONAL/btech-project/results/models
19:21:29 [INFO] plain_transformer_final: Updated PlainTransformer row in /Users/aravjain/PERSONAL/btech-project/results/results_summary.csv
19:21:29 [INFO] plain_transformer_final: ============================================================
19:21:29 [INFO] plain_transformer_final: FINAL Plain Transformer 3-fold complete in 153.5 min
19:21:29 [INFO] plain_transformer_final: acc=0.9385 +/- 0.0090   f1=0.8845 +/- 0.0122   auc=0.9835 +/- 0.0021
19:21:29 [INFO] plain_transformer_final: Weights: results/models/plain_transformer_best.pt
19:21:29 [INFO] plain_transformer_final: Config:  results/models/plain_transformer_config.json
